0 info it worked if it ends with ok
1 verbose cli [ 'node', '/usr/local/bin/npm', 'publish' ]
2 info using npm@2.12.0
3 info using node@v0.10.26
4 verbose publish [ '.' ]
5 silly cache add args [ '.', null ]
6 verbose cache add spec .
7 silly cache add parsed spec { raw: '.',
7 silly cache add   scope: null,
7 silly cache add   name: null,
7 silly cache add   rawSpec: '.',
7 silly cache add   spec: '/Users/johnpolacek/Sites/localhost-MAMP/expressive-css',
7 silly cache add   type: 'directory' }
8 verbose addLocalDirectory /Users/johnpolacek/.npm/expressive-css/1.0.0/package.tgz not in flight; packing
9 verbose tar pack [ '/Users/johnpolacek/.npm/expressive-css/1.0.0/package.tgz',
9 verbose tar pack   '/Users/johnpolacek/Sites/localhost-MAMP/expressive-css' ]
10 verbose tarball /Users/johnpolacek/.npm/expressive-css/1.0.0/package.tgz
11 verbose folder /Users/johnpolacek/Sites/localhost-MAMP/expressive-css
12 info prepublish expressive-css@1.0.0
13 verbose addLocalTarball adding from inside cache /Users/johnpolacek/.npm/expressive-css/1.0.0/package.tgz
14 silly cache afterAdd expressive-css@1.0.0
15 verbose afterAdd /Users/johnpolacek/.npm/expressive-css/1.0.0/package/package.json not in flight; writing
16 verbose afterAdd /Users/johnpolacek/.npm/expressive-css/1.0.0/package/package.json written
17 silly publish { name: 'expressive-css',
17 silly publish   title: 'Expressive CSS',
17 silly publish   version: '1.0.0',
17 silly publish   description: 'A starter template configuration for building sites Expressive CSS.',
17 silly publish   repository:
17 silly publish    { type: 'git',
17 silly publish      url: 'git+https://github.com/johnpolacek/expressive-css.git' },
17 silly publish   keywords: [ 'css', 'sass', 'tool', 'utilities', 'responsive' ],
17 silly publish   devDependencies: { onchange: 'latest', 'node-sass': 'latest' },
17 silly publish   scripts:
17 silly publish    { build: 'node-sass css/sass/base.scss css/stylesheets/base.css --style expanded && node-sass css/sass/utilities.scss css/stylesheets/utilities.css --style compact && node-sass css/sass/components.scss css/stylesheets/components.css --style expanded && node-sass css/sass/style.scss css/style.min.css --style compressed',
17 silly publish      watch: 'onchange \'css/sass/**/*\' -- npm run build' },
17 silly publish   author: { name: 'John Polacek', url: 'http://www.johnpolacek.com' },
17 silly publish   license: 'MIT',
17 silly publish   bugs: { url: 'https://github.com/johnpolacek/expressive-css/issues' },
17 silly publish   homepage: 'http://johnpolacek.github.io/expressive-css/',
17 silly publish   files: [ 'css', 'styleguide', 'index.html' ],
17 silly publish   readme: 'For all the info about Expressive CSS, go to the [Project Page](http://johnpolacek.github.io/expressive-css/).\n\n',
17 silly publish   readmeFilename: 'README.md',
17 silly publish   gitHead: 'cc88269fba56bf0e8569a044f8f6f85d15a5e4ad',
17 silly publish   _id: 'expressive-css@1.0.0',
17 silly publish   _shasum: '558b3bc8b51b8dff6f4f11cbd4436ec4d7d5f4e5',
17 silly publish   _from: '.' }
18 verbose getPublishConfig undefined
19 silly mapToRegistry name expressive-css
20 silly mapToRegistry using default registry
21 silly mapToRegistry registry https://registry.npmjs.org/
22 silly mapToRegistry uri https://registry.npmjs.org/expressive-css
23 verbose publish registryBase https://registry.npmjs.org/
24 silly publish uploading /Users/johnpolacek/.npm/expressive-css/1.0.0/package.tgz
25 verbose request uri https://registry.npmjs.org/expressive-css
26 verbose request sending authorization for write operation
27 info attempt registry request try #1 at 10:31:40
28 verbose request using bearer token for auth
29 verbose request id 905150aa8464a56b
30 http request PUT https://registry.npmjs.org/expressive-css
31 http 403 https://registry.npmjs.org/expressive-css
32 verbose headers { 'content-type': 'application/json',
32 verbose headers   'cache-control': 'max-age=60',
32 verbose headers   'content-length': '95',
32 verbose headers   'accept-ranges': 'bytes',
32 verbose headers   date: 'Sat, 05 Dec 2015 16:31:41 GMT',
32 verbose headers   via: '1.1 varnish',
32 verbose headers   connection: 'keep-alive',
32 verbose headers   'x-served-by': 'cache-ord1728-ORD',
32 verbose headers   'x-cache': 'MISS',
32 verbose headers   'x-cache-hits': '0',
32 verbose headers   'x-timer': 'S1449333100.385306,VS0,VE853' }
33 verbose request invalidating /Users/johnpolacek/.npm/registry.npmjs.org/expressive-css on PUT
34 error publish Failed PUT 403
35 verbose stack Error: "You cannot publish over the previously published version 1.0.0." : expressive-css
35 verbose stack     at CachingRegistryClient.<anonymous> (/usr/local/lib/node_modules/npm/node_modules/npm-registry-client/lib/request.js:247:14)
35 verbose stack     at Request._callback (/usr/local/lib/node_modules/npm/node_modules/npm-registry-client/lib/request.js:170:14)
35 verbose stack     at Request.self.callback (/usr/local/lib/node_modules/npm/node_modules/request/request.js:197:22)
35 verbose stack     at Request.EventEmitter.emit (events.js:98:17)
35 verbose stack     at Request.<anonymous> (/usr/local/lib/node_modules/npm/node_modules/request/request.js:1050:14)
35 verbose stack     at Request.EventEmitter.emit (events.js:117:20)
35 verbose stack     at IncomingMessage.<anonymous> (/usr/local/lib/node_modules/npm/node_modules/request/request.js:996:12)
35 verbose stack     at IncomingMessage.EventEmitter.emit (events.js:117:20)
35 verbose stack     at _stream_readable.js:920:16
35 verbose stack     at process._tickCallback (node.js:415:13)
36 verbose statusCode 403
37 verbose pkgid expressive-css
38 verbose cwd /Users/johnpolacek/Sites/localhost-MAMP/expressive-css
39 error Darwin 14.5.0
40 error argv "node" "/usr/local/bin/npm" "publish"
41 error node v0.10.26
42 error npm  v2.12.0
43 error code E403
44 error "You cannot publish over the previously published version 1.0.0." : expressive-css
45 error If you need help, you may report this error at:
45 error     <https://github.com/npm/npm/issues>
46 verbose exit [ 1, true ]
